2024-09-26 21:19:42.227  c.s.s.f.JwtAuthenticationFilter - Authorization header is either empty or does not start with 'Bearer ' 
2024-09-26 21:19:42.234  o.h.SQL - 
    select
        me1_0.id,
        me1_0.created_at,
        me1_0.deactivated_at,
        me1_0.is_active,
        me1_0.memo,
        me1_0.password,
        me1_0.role,
        me1_0.updated_at,
        me1_0.user_id 
    from
        member me1_0 
    where
        me1_0.user_id=? 
2024-09-26 21:19:50.437  c.s.s.f.JwtAuthenticationFilter - Authorization header is either empty or does not start with 'Bearer ' 
2024-09-26 21:19:50.437  o.h.SQL - 
    select
        me1_0.id,
        me1_0.created_at,
        me1_0.deactivated_at,
        me1_0.is_active,
        me1_0.memo,
        me1_0.password,
        me1_0.role,
        me1_0.updated_at,
        me1_0.user_id 
    from
        member me1_0 
    where
        me1_0.user_id=? 
