2024-09-25 20:43:08.016  c.s.s.f.JwtAuthenticationFilter - Extracted JWT token 
2024-09-25 20:43:08.024  o.h.SQL - 
    select
        me1_0.id,
        me1_0.created_at,
        me1_0.deactivated_at,
        me1_0.is_active,
        me1_0.memo,
        me1_0.password,
        me1_0.role,
        me1_0.updated_at,
        me1_0.user_id 
    from
        member me1_0 
    where
        me1_0.user_id=? 
2024-09-25 20:43:08.024  c.s.s.d.m.c.MemberController - 정보 진입 유저 ID: jominuk1 
2024-09-25 20:43:08.024  o.h.SQL - 
    select
        me1_0.id,
        me1_0.created_at,
        me1_0.deactivated_at,
        me1_0.is_active,
        me1_0.memo,
        me1_0.password,
        me1_0.role,
        me1_0.updated_at,
        me1_0.user_id 
    from
        member me1_0 
    where
        me1_0.user_id=? 
2024-09-25 20:43:08.035  c.s.s.d.m.s.MemberService - Service 회원정보 ID : jominuk1 
2024-09-25 20:43:11.837  c.s.s.f.JwtAuthenticationFilter - Extracted JWT token 
2024-09-25 20:43:11.842  o.h.SQL - 
    select
        me1_0.id,
        me1_0.created_at,
        me1_0.deactivated_at,
        me1_0.is_active,
        me1_0.memo,
        me1_0.password,
        me1_0.role,
        me1_0.updated_at,
        me1_0.user_id 
    from
        member me1_0 
    where
        me1_0.user_id=? 
2024-09-25 20:43:11.846  c.s.s.d.m.c.MemberController - id 번호는 ? : 2 
2024-09-25 20:43:11.913  o.h.SQL - 
    select
        me1_0.id,
        me1_0.created_at,
        me1_0.deactivated_at,
        me1_0.is_active,
        me1_0.memo,
        me1_0.password,
        me1_0.role,
        me1_0.updated_at,
        me1_0.user_id 
    from
        member me1_0 
    where
        me1_0.id=? 
2024-09-25 20:43:11.913  o.h.SQL - 
    update
        member 
    set
        deactivated_at=?,
        is_active=?,
        memo=?,
        password=?,
        role=?,
        updated_at=?,
        user_id=? 
    where
        id=? 
2024-09-25 20:43:25.972  c.s.s.f.JwtAuthenticationFilter - Authorization header is either empty or does not start with 'Bearer ' 
2024-09-25 20:43:25.972  o.h.SQL - 
    select
        me1_0.id,
        me1_0.created_at,
        me1_0.deactivated_at,
        me1_0.is_active,
        me1_0.memo,
        me1_0.password,
        me1_0.role,
        me1_0.updated_at,
        me1_0.user_id 
    from
        member me1_0 
    where
        me1_0.user_id=? 
2024-09-25 20:43:26.027  o.h.SQL - 
    select
        te1_0.id,
        te1_0.refresh_token,
        te1_0.user_id 
    from
        tokens te1_0 
    where
        te1_0.user_id=? 
2024-09-25 20:43:26.042  o.h.SQL - 
    update
        tokens 
    set
        refresh_token=?,
        user_id=? 
    where
        id=? 
2024-09-25 20:43:26.080  c.s.s.d.m.c.MemberController - User role is null for user: jominuk1 
2024-09-25 20:43:26.880  c.s.s.f.JwtAuthenticationFilter - Extracted JWT token 
2024-09-25 20:43:26.880  o.h.SQL - 
    select
        me1_0.id,
        me1_0.created_at,
        me1_0.deactivated_at,
        me1_0.is_active,
        me1_0.memo,
        me1_0.password,
        me1_0.role,
        me1_0.updated_at,
        me1_0.user_id 
    from
        member me1_0 
    where
        me1_0.user_id=? 
2024-09-25 20:43:26.888  o.h.SQL - 
    select
        le1_0.id,
        le1_0.content,
        le1_0.created_at,
        le1_0.deactivated_at,
        le1_0.is_active,
        le1_0.user_id,
        le1_0.title,
        le1_0.updated_at 
    from
        list le1_0 
    left join
        member m1_0 
            on m1_0.id=le1_0.user_id 
    where
        m1_0.user_id=? 
2024-09-25 20:43:26.890  o.h.SQL - 
    select
        me1_0.id,
        me1_0.created_at,
        me1_0.deactivated_at,
        me1_0.is_active,
        me1_0.memo,
        me1_0.password,
        me1_0.role,
        me1_0.updated_at,
        me1_0.user_id 
    from
        member me1_0 
    where
        me1_0.id=? 
2024-09-25 20:43:27.769  c.s.s.f.JwtAuthenticationFilter - Extracted JWT token 
2024-09-25 20:43:27.769  o.h.SQL - 
    select
        me1_0.id,
        me1_0.created_at,
        me1_0.deactivated_at,
        me1_0.is_active,
        me1_0.memo,
        me1_0.password,
        me1_0.role,
        me1_0.updated_at,
        me1_0.user_id 
    from
        member me1_0 
    where
        me1_0.user_id=? 
2024-09-25 20:43:27.769  c.s.s.d.m.c.MemberController - 정보 진입 유저 ID: jominuk1 
2024-09-25 20:43:27.777  o.h.SQL - 
    select
        me1_0.id,
        me1_0.created_at,
        me1_0.deactivated_at,
        me1_0.is_active,
        me1_0.memo,
        me1_0.password,
        me1_0.role,
        me1_0.updated_at,
        me1_0.user_id 
    from
        member me1_0 
    where
        me1_0.user_id=? 
2024-09-25 20:43:27.777  c.s.s.d.m.s.MemberService - Service 회원정보 ID : jominuk1 
2024-09-25 20:43:33.333  c.s.s.f.JwtAuthenticationFilter - Extracted JWT token 
2024-09-25 20:43:33.334  o.h.SQL - 
    select
        me1_0.id,
        me1_0.created_at,
        me1_0.deactivated_at,
        me1_0.is_active,
        me1_0.memo,
        me1_0.password,
        me1_0.role,
        me1_0.updated_at,
        me1_0.user_id 
    from
        member me1_0 
    where
        me1_0.user_id=? 
2024-09-25 20:43:33.334  c.s.s.d.m.c.MemberController - id 번호는 ? : 2 
2024-09-25 20:43:33.398  o.h.SQL - 
    select
        me1_0.id,
        me1_0.created_at,
        me1_0.deactivated_at,
        me1_0.is_active,
        me1_0.memo,
        me1_0.password,
        me1_0.role,
        me1_0.updated_at,
        me1_0.user_id 
    from
        member me1_0 
    where
        me1_0.id=? 
