2024-09-27 20:02:17.603  c.s.s.f.JwtAuthenticationFilter - Extracted JWT token 
2024-09-27 20:02:17.610  o.h.SQL - 
    select
        me1_0.id,
        me1_0.created_at,
        me1_0.deactivated_at,
        me1_0.is_active,
        me1_0.memo,
        me1_0.password,
        me1_0.role,
        me1_0.updated_at,
        me1_0.user_id 
    from
        member me1_0 
    where
        me1_0.user_id=? 
2024-09-27 20:02:17.616  o.h.SQL - 
    select
        le1_0.id,
        le1_0.content,
        le1_0.created_at,
        le1_0.deactivated_at,
        le1_0.image_url,
        le1_0.is_active,
        le1_0.user_id,
        le1_0.title,
        le1_0.updated_at 
    from
        list le1_0 
    left join
        member m1_0 
            on m1_0.id=le1_0.user_id 
    where
        m1_0.user_id=? 
2024-09-27 20:02:17.616  o.h.SQL - 
    select
        me1_0.id,
        me1_0.created_at,
        me1_0.deactivated_at,
        me1_0.is_active,
        me1_0.memo,
        me1_0.password,
        me1_0.role,
        me1_0.updated_at,
        me1_0.user_id 
    from
        member me1_0 
    where
        me1_0.id=? 
2024-09-27 20:02:30.405  c.s.s.f.JwtAuthenticationFilter - Extracted JWT token 
2024-09-27 20:02:30.411  o.h.SQL - 
    select
        me1_0.id,
        me1_0.created_at,
        me1_0.deactivated_at,
        me1_0.is_active,
        me1_0.memo,
        me1_0.password,
        me1_0.role,
        me1_0.updated_at,
        me1_0.user_id 
    from
        member me1_0 
    where
        me1_0.user_id=? 
2024-09-27 20:02:30.414  o.h.SQL - 
    select
        le1_0.id,
        le1_0.content,
        le1_0.created_at,
        le1_0.deactivated_at,
        le1_0.image_url,
        le1_0.is_active,
        le1_0.user_id,
        le1_0.title,
        le1_0.updated_at 
    from
        list le1_0 
    left join
        member m1_0 
            on m1_0.id=le1_0.user_id 
    where
        m1_0.user_id=? 
2024-09-27 20:02:30.416  o.h.SQL - 
    select
        me1_0.id,
        me1_0.created_at,
        me1_0.deactivated_at,
        me1_0.is_active,
        me1_0.memo,
        me1_0.password,
        me1_0.role,
        me1_0.updated_at,
        me1_0.user_id 
    from
        member me1_0 
    where
        me1_0.id=? 
2024-09-27 20:02:34.659  c.s.s.f.JwtAuthenticationFilter - Extracted JWT token 
2024-09-27 20:02:34.661  o.h.SQL - 
    select
        me1_0.id,
        me1_0.created_at,
        me1_0.deactivated_at,
        me1_0.is_active,
        me1_0.memo,
        me1_0.password,
        me1_0.role,
        me1_0.updated_at,
        me1_0.user_id 
    from
        member me1_0 
    where
        me1_0.user_id=? 
2024-09-27 20:02:34.661  o.h.SQL - 
    select
        le1_0.id,
        le1_0.content,
        le1_0.created_at,
        le1_0.deactivated_at,
        le1_0.image_url,
        le1_0.is_active,
        le1_0.user_id,
        le1_0.title,
        le1_0.updated_at 
    from
        list le1_0 
    left join
        member m1_0 
            on m1_0.id=le1_0.user_id 
    where
        m1_0.user_id=? 
2024-09-27 20:02:34.661  o.h.SQL - 
    select
        me1_0.id,
        me1_0.created_at,
        me1_0.deactivated_at,
        me1_0.is_active,
        me1_0.memo,
        me1_0.password,
        me1_0.role,
        me1_0.updated_at,
        me1_0.user_id 
    from
        member me1_0 
    where
        me1_0.id=? 
