2024-09-30 19:13:20.635  o.s.o.j.LocalContainerEntityManagerFactoryBean - Closing JPA EntityManagerFactory for persistence unit 'default' 
2024-09-30 19:13:20.635  c.z.h.HikariDataSource - HikariPool-1 - Shutdown initiated... 
2024-09-30 19:13:20.644  c.z.h.HikariDataSource - HikariPool-1 - Shutdown completed. 
2024-09-30 19:13:23.321  c.s.s.SecurityApplication - Starting SecurityApplication using Java 21.0.4 with PID 12428 (C:\Users\jomin\OneDrive\바탕 화면\reservation\sns_reservation_back\out\production\classes started by jomin in C:\Users\jomin\OneDrive\바탕 화면\reservation\sns_reservation_back) 
2024-09-30 19:13:23.334  c.s.s.SecurityApplication - No active profile set, falling back to 1 default profile: "default" 
2024-09-30 19:13:23.996  o.s.d.r.c.RepositoryConfigurationDelegate - Bootstrapping Spring Data JPA repositories in DEFAULT mode. 
2024-09-30 19:13:24.076  o.s.d.r.c.RepositoryConfigurationDelegate - Finished Spring Data repository scanning in 75 ms. Found 3 JPA repository interfaces. 
2024-09-30 19:13:24.663  o.s.b.w.e.t.TomcatWebServer - Tomcat initialized with port 8080 (http) 
2024-09-30 19:13:24.663  o.a.c.h.Http11NioProtocol - Initializing ProtocolHandler ["http-nio-8080"] 
2024-09-30 19:13:24.663  o.a.c.c.StandardService - Starting service [Tomcat] 
2024-09-30 19:13:24.663  o.a.c.c.StandardEngine - Starting Servlet engine: [Apache Tomcat/10.1.28] 
2024-09-30 19:13:24.726  o.a.c.c.C.[.[.[/] - Initializing Spring embedded WebApplicationContext 
2024-09-30 19:13:24.726  o.s.b.w.s.c.ServletWebServerApplicationContext - Root WebApplicationContext: initialization completed in 1357 ms 
2024-09-30 19:13:24.868  o.h.j.i.u.LogHelper - HHH000204: Processing PersistenceUnitInfo [name: default] 
2024-09-30 19:13:24.916  o.h.Version - HHH000412: Hibernate ORM core version 6.5.2.Final 
2024-09-30 19:13:24.958  o.h.c.i.RegionFactoryInitiator - HHH000026: Second-level cache disabled 
2024-09-30 19:13:25.247  o.s.o.j.p.SpringPersistenceUnitInfo - No LoadTimeWeaver setup: ignoring JPA class transformer 
2024-09-30 19:13:25.263  c.z.h.HikariDataSource - HikariPool-1 - Starting... 
2024-09-30 19:13:25.565  c.z.h.p.HikariPool - HikariPool-1 - Added connection com.mysql.cj.jdbc.ConnectionImpl@690ed13a 
2024-09-30 19:13:25.565  c.z.h.HikariDataSource - HikariPool-1 - Start completed. 
2024-09-30 19:13:25.596  o.h.e.j.e.i.JdbcEnvironmentInitiator - HHH000339: Could not obtain connection metadata: java.sql.SQLSyntaxErrorException: Unknown column 'RESERVED' in 'where clause' 
2024-09-30 19:13:25.612  o.h.o.deprecation - HHH90000025: MySQLDialect does not need to be specified explicitly using 'hibernate.dialect' (remove the property setting and it will be selected by default) 
2024-09-30 19:13:25.627  o.h.t.d.s.s.DdlTypeRegistry - addDescriptor(12, org.hibernate.type.descriptor.sql.internal.CapacityDependentDdlType@71e7c13f) replaced previous registration(org.hibernate.type.descriptor.sql.internal.CapacityDependentDdlType@2295566b) 
2024-09-30 19:13:25.627  o.h.t.d.s.s.DdlTypeRegistry - addDescriptor(-9, org.hibernate.type.descriptor.sql.internal.CapacityDependentDdlType@174e1b99) replaced previous registration(org.hibernate.type.descriptor.sql.internal.CapacityDependentDdlType@53a09566) 
2024-09-30 19:13:25.627  o.h.t.d.s.s.DdlTypeRegistry - addDescriptor(-3, org.hibernate.type.descriptor.sql.internal.CapacityDependentDdlType@1c815814) replaced previous registration(org.hibernate.type.descriptor.sql.internal.CapacityDependentDdlType@14af73e1) 
2024-09-30 19:13:25.627  o.h.t.d.s.s.DdlTypeRegistry - addDescriptor(4003, org.hibernate.type.descriptor.sql.internal.DdlTypeImpl@73da303e) replaced previous registration(org.hibernate.type.descriptor.sql.internal.DdlTypeImpl@24068086) 
2024-09-30 19:13:25.627  o.h.t.d.s.s.DdlTypeRegistry - addDescriptor(4001, org.hibernate.type.descriptor.sql.internal.DdlTypeImpl@32513dea) replaced previous registration(org.hibernate.type.descriptor.sql.internal.DdlTypeImpl@5d0e703a) 
2024-09-30 19:13:25.627  o.h.t.d.s.s.DdlTypeRegistry - addDescriptor(4002, org.hibernate.type.descriptor.sql.internal.DdlTypeImpl@7f77e065) replaced previous registration(org.hibernate.type.descriptor.sql.internal.DdlTypeImpl@6f655dbd) 
2024-09-30 19:13:25.627  o.h.t.d.s.s.DdlTypeRegistry - addDescriptor(2004, org.hibernate.type.descriptor.sql.internal.CapacityDependentDdlType@546083d6) replaced previous registration(org.hibernate.type.descriptor.sql.internal.DdlTypeImpl@7ac1b6c0) 
2024-09-30 19:13:25.627  o.h.t.d.s.s.DdlTypeRegistry - addDescriptor(2005, org.hibernate.type.descriptor.sql.internal.CapacityDependentDdlType@3a751535) replaced previous registration(org.hibernate.type.descriptor.sql.internal.DdlTypeImpl@7fb82f73) 
2024-09-30 19:13:25.627  o.h.t.d.s.s.DdlTypeRegistry - addDescriptor(2011, org.hibernate.type.descriptor.sql.internal.CapacityDependentDdlType@2f166d61) replaced previous registration(org.hibernate.type.descriptor.sql.internal.DdlTypeImpl@5896b9f5) 
2024-09-30 19:13:26.296  o.h.e.t.j.p.i.JtaPlatformInitiator - HHH000489: No JTA platform available (set 'hibernate.transaction.jta.platform' to enable JTA platform integration) 
2024-09-30 19:13:27.153  o.s.o.j.LocalContainerEntityManagerFactoryBean - Initialized JPA EntityManagerFactory for persistence unit 'default' 
2024-09-30 19:13:27.944  o.s.b.a.o.j.JpaBaseConfiguration$JpaWebConfiguration - spring.jpa.open-in-view is enabled by default. Therefore, database queries may be performed during view rendering. Explicitly configure spring.jpa.open-in-view to disable this warning 
2024-09-30 19:13:27.960  o.s.s.c.a.a.c.InitializeUserDetailsBeanManagerConfigurer$InitializeUserDetailsManagerConfigurer - Global AuthenticationManager configured with UserDetailsService bean with name customUserDetailsService 
2024-09-30 19:13:28.386  o.a.c.h.Http11NioProtocol - Starting ProtocolHandler ["http-nio-8080"] 
2024-09-30 19:13:28.402  o.s.b.w.e.t.TomcatWebServer - Tomcat started on port 8080 (http) with context path '/' 
2024-09-30 19:13:28.419  c.s.s.SecurityApplication - Started SecurityApplication in 5.633 seconds (process running for 6.018) 
2024-09-30 19:13:32.576  o.a.c.c.C.[.[.[/] - Initializing Spring DispatcherServlet 'dispatcherServlet' 
2024-09-30 19:13:32.576  o.s.w.s.DispatcherServlet - Initializing Servlet 'dispatcherServlet' 
2024-09-30 19:13:32.576  o.s.w.s.DispatcherServlet - Completed initialization in 0 ms 
2024-09-30 19:13:32.612  c.s.s.f.JwtAuthenticationFilter - Extracted JWT token 
2024-09-30 19:13:32.773  o.h.SQL - 
    select
        me1_0.id,
        me1_0.created_at,
        me1_0.deactivated_at,
        me1_0.is_active,
        me1_0.memo,
        me1_0.password,
        me1_0.role,
        me1_0.updated_at,
        me1_0.user_id 
    from
        member me1_0 
    where
        me1_0.user_id=? 
2024-09-30 19:13:32.825  o.h.SQL - 
    select
        le1_0.id,
        le1_0.content,
        le1_0.created_at,
        le1_0.deactivated_at,
        le1_0.image_url,
        le1_0.is_active,
        le1_0.user_id,
        le1_0.title,
        le1_0.updated_at 
    from
        list le1_0 
    left join
        member m1_0 
            on m1_0.id=le1_0.user_id 
    where
        m1_0.user_id=? 
2024-09-30 19:13:32.839  o.h.SQL - 
    select
        me1_0.id,
        me1_0.created_at,
        me1_0.deactivated_at,
        me1_0.is_active,
        me1_0.memo,
        me1_0.password,
        me1_0.role,
        me1_0.updated_at,
        me1_0.user_id 
    from
        member me1_0 
    where
        me1_0.id=? 
2024-09-30 19:13:36.943  c.s.s.f.JwtAuthenticationFilter - Authorization header is either empty or does not start with 'Bearer ' 
2024-09-30 19:13:36.974  o.h.SQL - 
    select
        me1_0.id,
        me1_0.created_at,
        me1_0.deactivated_at,
        me1_0.is_active,
        me1_0.memo,
        me1_0.password,
        me1_0.role,
        me1_0.updated_at,
        me1_0.user_id 
    from
        member me1_0 
    where
        me1_0.user_id=? 
2024-09-30 19:13:38.287  c.s.s.f.JwtAuthenticationFilter - Authorization header is either empty or does not start with 'Bearer ' 
2024-09-30 19:13:38.287  o.h.SQL - 
    select
        me1_0.id,
        me1_0.created_at,
        me1_0.deactivated_at,
        me1_0.is_active,
        me1_0.memo,
        me1_0.password,
        me1_0.role,
        me1_0.updated_at,
        me1_0.user_id 
    from
        member me1_0 
    where
        me1_0.user_id=? 
2024-09-30 19:13:38.554  o.h.SQL - 
    select
        te1_0.id,
        te1_0.refresh_token,
        te1_0.user_id 
    from
        tokens te1_0 
    where
        te1_0.user_id=? 
2024-09-30 19:13:38.601  o.h.SQL - 
    update
        tokens 
    set
        refresh_token=?,
        user_id=? 
    where
        id=? 
2024-09-30 19:13:38.650  c.s.s.d.m.c.MemberController - User role is null for user: jominuk3 
2024-09-30 19:13:39.441  c.s.s.f.JwtAuthenticationFilter - Extracted JWT token 
2024-09-30 19:13:39.450  o.h.SQL - 
    select
        me1_0.id,
        me1_0.created_at,
        me1_0.deactivated_at,
        me1_0.is_active,
        me1_0.memo,
        me1_0.password,
        me1_0.role,
        me1_0.updated_at,
        me1_0.user_id 
    from
        member me1_0 
    where
        me1_0.user_id=? 
2024-09-30 19:13:39.457  o.h.SQL - 
    select
        le1_0.id,
        le1_0.content,
        le1_0.created_at,
        le1_0.deactivated_at,
        le1_0.image_url,
        le1_0.is_active,
        le1_0.user_id,
        le1_0.title,
        le1_0.updated_at 
    from
        list le1_0 
    left join
        member m1_0 
            on m1_0.id=le1_0.user_id 
    where
        m1_0.user_id=? 
2024-09-30 19:13:39.465  o.h.SQL - 
    select
        me1_0.id,
        me1_0.created_at,
        me1_0.deactivated_at,
        me1_0.is_active,
        me1_0.memo,
        me1_0.password,
        me1_0.role,
        me1_0.updated_at,
        me1_0.user_id 
    from
        member me1_0 
    where
        me1_0.id=? 
2024-09-30 19:13:41.148  c.s.s.f.JwtAuthenticationFilter - Extracted JWT token 
2024-09-30 19:13:41.156  o.h.SQL - 
    select
        me1_0.id,
        me1_0.created_at,
        me1_0.deactivated_at,
        me1_0.is_active,
        me1_0.memo,
        me1_0.password,
        me1_0.role,
        me1_0.updated_at,
        me1_0.user_id 
    from
        member me1_0 
    where
        me1_0.user_id=? 
2024-09-30 19:13:41.172  o.h.SQL - 
    select
        le1_0.id,
        le1_0.content,
        le1_0.created_at,
        le1_0.deactivated_at,
        le1_0.image_url,
        le1_0.is_active,
        le1_0.user_id,
        le1_0.title,
        le1_0.updated_at 
    from
        list le1_0 
    left join
        member m1_0 
            on m1_0.id=le1_0.user_id 
    where
        m1_0.user_id=? 
2024-09-30 19:13:41.172  o.h.SQL - 
    select
        me1_0.id,
        me1_0.created_at,
        me1_0.deactivated_at,
        me1_0.is_active,
        me1_0.memo,
        me1_0.password,
        me1_0.role,
        me1_0.updated_at,
        me1_0.user_id 
    from
        member me1_0 
    where
        me1_0.id=? 
