2024-09-14 19:23:00.663  o.h.e.t.j.p.i.JtaPlatformInitiator - HHH000489: No JTA platform available (set 'hibernate.transaction.jta.platform' to enable JTA platform integration) 
2024-09-14 19:23:00.694  o.h.SQL - 
    drop table if exists list 
2024-09-14 19:23:00.757  o.h.SQL - 
    drop table if exists member 
2024-09-14 19:23:00.757  o.h.SQL - 
    drop table if exists tokens 
2024-09-14 19:23:00.773  o.h.SQL - 
    create table list (
        created_at datetime(6) not null,
        id bigint not null auto_increment,
        updated_at datetime(6),
        content varchar(255) not null,
        title varchar(255) not null,
        primary key (id)
    ) engine=InnoDB 
2024-09-14 19:23:00.789  o.h.SQL - 
    create table member (
        is_active bit not null,
        created_at datetime(6) not null,
        deactivated_at datetime(6),
        id bigint not null auto_increment,
        updated_at datetime(6),
        memo varchar(255),
        password varchar(255) not null,
        user_id varchar(255) not null,
        role enum ('ADMIN','USER') not null,
        primary key (id)
    ) engine=InnoDB 
2024-09-14 19:23:00.789  o.h.SQL - 
    create table tokens (
        id bigint not null auto_increment,
        refresh_token varchar(255) not null,
        user_id varchar(255) not null,
        primary key (id)
    ) engine=InnoDB 
2024-09-14 19:23:00.789  o.s.o.j.LocalContainerEntityManagerFactoryBean - Initialized JPA EntityManagerFactory for persistence unit 'default' 
2024-09-14 19:23:01.297  o.s.s.c.a.a.c.InitializeAuthenticationProviderBeanManagerConfigurer$InitializeAuthenticationProviderManagerConfigurer - Global AuthenticationManager configured with AuthenticationProvider bean with name customAuthenticationProvider 
2024-09-14 19:23:01.297  o.s.s.c.a.a.c.InitializeUserDetailsBeanManagerConfigurer$InitializeUserDetailsManagerConfigurer - Global AuthenticationManager configured with an AuthenticationProvider bean. UserDetailsService beans will not be used for username/password login. Consider removing the AuthenticationProvider bean. Alternatively, consider using the UserDetailsService in a manually instantiated DaoAuthenticationProvider. 
2024-09-14 19:23:01.329  o.s.b.a.o.j.JpaBaseConfiguration$JpaWebConfiguration - spring.jpa.open-in-view is enabled by default. Therefore, database queries may be performed during view rendering. Explicitly configure spring.jpa.open-in-view to disable this warning 
2024-09-14 19:23:01.803  o.a.c.h.Http11NioProtocol - Starting ProtocolHandler ["http-nio-8080"] 
2024-09-14 19:23:01.835  o.s.b.w.e.t.TomcatWebServer - Tomcat started on port 8080 (http) with context path '/' 
2024-09-14 19:23:01.835  c.s.s.SecurityApplication - Started SecurityApplication in 5.187 seconds (process running for 5.677) 
2024-09-14 19:23:10.703  o.a.c.c.C.[.[.[/] - Initializing Spring DispatcherServlet 'dispatcherServlet' 
2024-09-14 19:23:10.703  o.s.w.s.DispatcherServlet - Initializing Servlet 'dispatcherServlet' 
2024-09-14 19:23:10.703  o.s.w.s.DispatcherServlet - Completed initialization in 0 ms 
2024-09-14 19:23:10.808  c.s.s.f.JwtAuthenticationFilter - Authorization header is either empty or does not start with 'Bearer ' 
2024-09-14 19:23:11.014  c.s.s.d.m.c.MemberController - Received request to save member with details: MemberDto(id=null, userId=jominuk, password=123, memo=123, createdAt=null) 
2024-09-14 19:23:11.287  c.s.s.d.m.s.MemberService - Processing save request for user ID: jominuk 
2024-09-14 19:23:11.564  o.h.SQL - 
    select
        me1_0.id,
        me1_0.created_at,
        me1_0.deactivated_at,
        me1_0.is_active,
        me1_0.memo,
        me1_0.password,
        me1_0.role,
        me1_0.updated_at,
        me1_0.user_id 
    from
        member me1_0 
    where
        me1_0.user_id=? 
2024-09-14 19:23:11.656  o.h.SQL - 
    insert 
    into
        member
        (created_at, deactivated_at, is_active, memo, password, role, updated_at, user_id) 
    values
        (?, ?, ?, ?, ?, ?, ?, ?) 
2024-09-14 19:23:11.696  c.s.s.d.m.s.MemberService - Successfully saved member with user ID: jominuk 
2024-09-14 19:23:15.417  c.s.s.f.JwtAuthenticationFilter - Authorization header is either empty or does not start with 'Bearer ' 
2024-09-14 19:23:15.418  c.s.s.f.CustomAuthenticationProvider - Authentication attempt for username: jominuk 
2024-09-14 19:23:15.427  o.h.SQL - 
    select
        me1_0.id,
        me1_0.created_at,
        me1_0.deactivated_at,
        me1_0.is_active,
        me1_0.memo,
        me1_0.password,
        me1_0.role,
        me1_0.updated_at,
        me1_0.user_id 
    from
        member me1_0 
    where
        me1_0.user_id=? 
2024-09-14 19:23:15.713  o.h.SQL - 
    select
        te1_0.id,
        te1_0.refresh_token,
        te1_0.user_id 
    from
        tokens te1_0 
    where
        te1_0.user_id=? 
2024-09-14 19:23:15.727  o.h.SQL - 
    insert 
    into
        tokens
        (refresh_token, user_id) 
    values
        (?, ?) 
2024-09-14 19:23:15.770  c.s.s.f.CustomAuthenticationProvider - Authentication successful for username: jominuk 
2024-09-14 19:23:17.162  c.s.s.f.JwtAuthenticationFilter - Extracted JWT token 
2024-09-14 19:23:17.279  o.h.SQL - 
    select
        me1_0.id,
        me1_0.created_at,
        me1_0.deactivated_at,
        me1_0.is_active,
        me1_0.memo,
        me1_0.password,
        me1_0.role,
        me1_0.updated_at,
        me1_0.user_id 
    from
        member me1_0 
    where
        me1_0.user_id=? 
2024-09-14 19:23:17.293  o.h.SQL - 
    select
        le1_0.id,
        le1_0.content,
        le1_0.created_at,
        le1_0.title,
        le1_0.updated_at 
    from
        list le1_0 
2024-09-14 19:23:17.309  c.s.s.f.JwtAuthenticationFilter - Extracted JWT token 
2024-09-14 19:23:17.322  o.h.SQL - 
    select
        me1_0.id,
        me1_0.created_at,
        me1_0.deactivated_at,
        me1_0.is_active,
        me1_0.memo,
        me1_0.password,
        me1_0.role,
        me1_0.updated_at,
        me1_0.user_id 
    from
        member me1_0 
    where
        me1_0.user_id=? 
2024-09-14 19:23:17.333  o.h.SQL - 
    select
        le1_0.id,
        le1_0.content,
        le1_0.created_at,
        le1_0.title,
        le1_0.updated_at 
    from
        list le1_0 
2024-09-14 19:23:18.827  c.s.s.f.JwtAuthenticationFilter - Extracted JWT token 
2024-09-14 19:23:18.834  o.h.SQL - 
    select
        me1_0.id,
        me1_0.created_at,
        me1_0.deactivated_at,
        me1_0.is_active,
        me1_0.memo,
        me1_0.password,
        me1_0.role,
        me1_0.updated_at,
        me1_0.user_id 
    from
        member me1_0 
    where
        me1_0.user_id=? 
2024-09-14 19:23:18.856  o.h.SQL - 
    select
        me1_0.id,
        me1_0.created_at,
        me1_0.deactivated_at,
        me1_0.is_active,
        me1_0.memo,
        me1_0.password,
        me1_0.role,
        me1_0.updated_at,
        me1_0.user_id 
    from
        member me1_0 
    where
        me1_0.user_id=? 
2024-09-14 19:23:18.876  c.s.s.f.JwtAuthenticationFilter - Extracted JWT token 
2024-09-14 19:23:18.883  o.h.SQL - 
    select
        me1_0.id,
        me1_0.created_at,
        me1_0.deactivated_at,
        me1_0.is_active,
        me1_0.memo,
        me1_0.password,
        me1_0.role,
        me1_0.updated_at,
        me1_0.user_id 
    from
        member me1_0 
    where
        me1_0.user_id=? 
2024-09-14 19:23:18.891  o.h.SQL - 
    select
        me1_0.id,
        me1_0.created_at,
        me1_0.deactivated_at,
        me1_0.is_active,
        me1_0.memo,
        me1_0.password,
        me1_0.role,
        me1_0.updated_at,
        me1_0.user_id 
    from
        member me1_0 
    where
        me1_0.user_id=? 
2024-09-14 19:23:19.936  c.s.s.f.JwtAuthenticationFilter - Extracted JWT token 
2024-09-14 19:23:19.944  o.h.SQL - 
    select
        me1_0.id,
        me1_0.created_at,
        me1_0.deactivated_at,
        me1_0.is_active,
        me1_0.memo,
        me1_0.password,
        me1_0.role,
        me1_0.updated_at,
        me1_0.user_id 
    from
        member me1_0 
    where
        me1_0.user_id=? 
2024-09-14 19:23:19.977  o.h.SQL - 
    select
        me1_0.id,
        me1_0.created_at,
        me1_0.deactivated_at,
        me1_0.is_active,
        me1_0.memo,
        me1_0.password,
        me1_0.role,
        me1_0.updated_at,
        me1_0.user_id 
    from
        member me1_0 
    where
        me1_0.id=? 
2024-09-14 19:23:20.018  c.s.s.d.m.s.MemberService - Deactivated member with user ID 
2024-09-14 19:23:20.024  o.h.SQL - 
    update
        member 
    set
        deactivated_at=?,
        is_active=?,
        memo=?,
        password=?,
        role=?,
        updated_at=?,
        user_id=? 
    where
        id=? 
2024-09-14 19:23:29.942  c.s.s.f.JwtAuthenticationFilter - Authorization header is either empty or does not start with 'Bearer ' 
2024-09-14 19:23:29.945  c.s.s.f.CustomAuthenticationProvider - Authentication attempt for username: jominuk 
2024-09-14 19:23:29.945  o.h.SQL - 
    select
        me1_0.id,
        me1_0.created_at,
        me1_0.deactivated_at,
        me1_0.is_active,
        me1_0.memo,
        me1_0.password,
        me1_0.role,
        me1_0.updated_at,
        me1_0.user_id 
    from
        member me1_0 
    where
        me1_0.user_id=? 
2024-09-14 19:23:30.182  o.h.SQL - 
    select
        te1_0.id,
        te1_0.refresh_token,
        te1_0.user_id 
    from
        tokens te1_0 
    where
        te1_0.user_id=? 
2024-09-14 19:23:30.182  o.h.SQL - 
    update
        tokens 
    set
        refresh_token=?,
        user_id=? 
    where
        id=? 
2024-09-14 19:23:30.231  c.s.s.f.CustomAuthenticationProvider - Authentication successful for username: jominuk 
2024-09-14 19:23:31.379  c.s.s.f.JwtAuthenticationFilter - Extracted JWT token 
2024-09-14 19:23:31.384  o.h.SQL - 
    select
        me1_0.id,
        me1_0.created_at,
        me1_0.deactivated_at,
        me1_0.is_active,
        me1_0.memo,
        me1_0.password,
        me1_0.role,
        me1_0.updated_at,
        me1_0.user_id 
    from
        member me1_0 
    where
        me1_0.user_id=? 
2024-09-14 19:23:31.390  o.h.SQL - 
    select
        le1_0.id,
        le1_0.content,
        le1_0.created_at,
        le1_0.title,
        le1_0.updated_at 
    from
        list le1_0 
2024-09-14 19:23:31.399  c.s.s.f.JwtAuthenticationFilter - Extracted JWT token 
2024-09-14 19:23:31.406  o.h.SQL - 
    select
        me1_0.id,
        me1_0.created_at,
        me1_0.deactivated_at,
        me1_0.is_active,
        me1_0.memo,
        me1_0.password,
        me1_0.role,
        me1_0.updated_at,
        me1_0.user_id 
    from
        member me1_0 
    where
        me1_0.user_id=? 
2024-09-14 19:23:31.420  o.h.SQL - 
    select
        le1_0.id,
        le1_0.content,
        le1_0.created_at,
        le1_0.title,
        le1_0.updated_at 
    from
        list le1_0 
